Build started 10/14/2015 11:52:53 PM.
     1>Project "B:\Development\GitHub\C++\ML_Server\ML_Server\ML_Server.vcxproj" on node 2 (Build target(s)).
     1>ClCompile:
         B:\Program Files (x86)\Microsoft Visual Studio 12.0\VC\bin\CL.exe /c /I"B:\Development\C++\OpenSSL-Win32\include" /I"B:\Development\C++\poco-1.6.0\Foundation\include" /Zi /nologo /W3 /WX- /sdl /O2 /Oi /Oy- /GL /D WIN32 /D NDEBUG /D _WINDOWS /D _USRDLL /D ML_SERVER_EXPORTS /D _WINDLL /D _UNICODE /D UNICODE /Gm- /EHsc /MT /GS /Gy /fp:precise /Zc:wchar_t /Zc:forScope /Yc"stdafx.h" /Fp"Release\ML_Server.pch" /Fo"Release\\" /Fd"Release\vc120.pdb" /Gd /TP /analyze- /errorReport:prompt stdafx.cpp
         stdafx.cpp
         B:\Program Files (x86)\Microsoft Visual Studio 12.0\VC\bin\CL.exe /c /I"B:\Development\C++\OpenSSL-Win32\include" /I"B:\Development\C++\poco-1.6.0\Foundation\include" /Zi /nologo /W3 /WX- /sdl /O2 /Oi /Oy- /GL /D WIN32 /D NDEBUG /D _WINDOWS /D _USRDLL /D ML_SERVER_EXPORTS /D _WINDLL /D _UNICODE /D UNICODE /Gm- /EHsc /MT /GS /Gy /fp:precise /Zc:wchar_t /Zc:forScope /Fo"Release\\" /Fd"Release\vc120.pdb" /Gd /TP /analyze- /errorReport:prompt dllmain.cpp
         dllmain.cpp
         B:\Program Files (x86)\Microsoft Visual Studio 12.0\VC\bin\CL.exe /c /I"B:\Development\C++\OpenSSL-Win32\include" /I"B:\Development\C++\poco-1.6.0\Foundation\include" /Zi /nologo /W3 /WX- /sdl /O2 /Oi /Oy- /GL /D WIN32 /D NDEBUG /D _WINDOWS /D _USRDLL /D ML_SERVER_EXPORTS /D _WINDLL /D _UNICODE /D UNICODE /Gm- /EHsc /MT /GS /Gy /fp:precise /Zc:wchar_t /Zc:forScope /Fo"Release\\" /Fd"Release\vc120.pdb" /Gd /TP /analyze- /errorReport:prompt ML_Functions.cpp
         ML_Functions.cpp
         B:\Program Files (x86)\Microsoft Visual Studio 12.0\VC\bin\CL.exe /c /I"B:\Development\C++\OpenSSL-Win32\include" /I"B:\Development\C++\poco-1.6.0\Foundation\include" /Zi /nologo /W3 /WX- /sdl /O2 /Oi /Oy- /GL /D WIN32 /D NDEBUG /D _WINDOWS /D _USRDLL /D ML_SERVER_EXPORTS /D _WINDLL /D _UNICODE /D UNICODE /Gm- /EHsc /MT /GS /Gy /fp:precise /Zc:wchar_t /Zc:forScope /Yu"stdafx.h" /Fp"Release\ML_Server.pch" /Fo"Release\\" /Fd"Release\vc120.pdb" /Gd /TP /analyze- /errorReport:prompt ML_Server.cpp
         ML_Server.cpp
       Link:
         B:\Program Files (x86)\Microsoft Visual Studio 12.0\VC\bin\link.exe /ERRORREPORT:PROMPT /OUT:"B:\Development\GitHub\C++\ML_Server\Release\ML_Server.dll" /INCREMENTAL:NO /NOLOGO /LIBPATH:"B:\Development\C++\OpenSSL-Win32\lib" /LIBPATH:"B:\Development\C++\poco-1.6.0\lib" PocoFoundation.lib libeay32.lib kernel32.lib user32.lib gdi32.lib winspool.lib comdlg32.lib advapi32.lib shell32.lib ole32.lib oleaut32.lib uuid.lib odbc32.lib odbccp32.lib /MANIFEST /MANIFESTUAC:"level='asInvoker' uiAccess='false'" /manifest:embed /DEBUG /PDB:"B:\Development\GitHub\C++\ML_Server\Release\ML_Server.pdb" /SUBSYSTEM:WINDOWS /OPT:REF /OPT:ICF /LTCG /TLBID:1 /DYNAMICBASE /NXCOMPAT /IMPLIB:"B:\Development\GitHub\C++\ML_Server\Release\ML_Server.lib" /MACHINE:X86 /SAFESEH /DLL Release\dllmain.obj
         Release\ML_Functions.obj
         Release\ML_Server.obj
         Release\stdafx.obj
            Creating library B:\Development\GitHub\C++\ML_Server\Release\ML_Server.lib and object B:\Development\GitHub\C++\ML_Server\Release\ML_Server.exp
         Generating code
         Finished generating code
         ML_Server.vcxproj -> B:\Development\GitHub\C++\ML_Server\Release\ML_Server.dll
     1>Done Building Project "B:\Development\GitHub\C++\ML_Server\ML_Server\ML_Server.vcxproj" (Build target(s)).

Build succeeded.

Time Elapsed 00:00:02.91
